  run_main_tb.cpp
  Unknown compiler version - please run the configure tests and report the results
C:\Users\Brandon\Documents\CpE_5220_Digital_Systems_Modeling\mp_2_combinational_circuits_Datapath_components\hdl\system_c\mp2\mp2\priority_enc_4_2.h(21,1): warning C4305: 'argument': truncation from 'char' to 'const sc_core::sc_inout<bool>::data_type'
C:\Users\Brandon\Documents\CpE_5220_Digital_Systems_Modeling\mp_2_combinational_circuits_Datapath_components\hdl\system_c\mp2\mp2\priority_enc_4_2.h(22,1): warning C4305: 'argument': truncation from 'char' to 'const sc_core::sc_inout<bool>::data_type'
C:\Users\Brandon\Documents\CpE_5220_Digital_Systems_Modeling\mp_2_combinational_circuits_Datapath_components\hdl\system_c\mp2\mp2\priority_enc_4_2.h(23,1): warning C4305: 'argument': truncation from 'char' to 'const sc_core::sc_inout<bool>::data_type'
C:\Users\Brandon\Documents\CpE_5220_Digital_Systems_Modeling\mp_2_combinational_circuits_Datapath_components\hdl\system_c\mp2\mp2\priority_enc_4_2.h(24,1): warning C4305: 'argument': truncation from 'char' to 'const sc_core::sc_inout<bool>::data_type'
C:\Users\Brandon\Documents\CpE_5220_Digital_Systems_Modeling\mp_2_combinational_circuits_Datapath_components\hdl\system_c\mp2\mp2\SN74145.h(63,1): warning C4804: '~': unsafe use of type 'bool' in operation
C:\Users\Brandon\Documents\CpE_5220_Digital_Systems_Modeling\mp_2_combinational_circuits_Datapath_components\hdl\system_c\mp2\mp2\SN74145.h(63,1): warning C4805: '&': unsafe mix of type 'sc_core::sc_in<bool>::data_type' and type 'int' in operation
C:\Users\Brandon\Documents\CpE_5220_Digital_Systems_Modeling\mp_2_combinational_circuits_Datapath_components\hdl\system_c\mp2\mp2\SN74145.h(64,1): warning C4804: '~': unsafe use of type 'bool' in operation
C:\Users\Brandon\Documents\CpE_5220_Digital_Systems_Modeling\mp_2_combinational_circuits_Datapath_components\hdl\system_c\mp2\mp2\SN74145.h(64,1): warning C4805: '&': unsafe mix of type 'int' and type 'sc_core::sc_in<bool>::data_type' in operation
C:\Users\Brandon\Documents\CpE_5220_Digital_Systems_Modeling\mp_2_combinational_circuits_Datapath_components\hdl\system_c\mp2\mp2\SN74145.h(64,1): warning C4805: '&': unsafe mix of type 'sc_core::sc_in<bool>::data_type' and type 'int' in operation
C:\Users\Brandon\Documents\CpE_5220_Digital_Systems_Modeling\mp_2_combinational_circuits_Datapath_components\hdl\system_c\mp2\mp2\SN74145.h(65,1): warning C4804: '~': unsafe use of type 'bool' in operation
C:\Users\Brandon\Documents\CpE_5220_Digital_Systems_Modeling\mp_2_combinational_circuits_Datapath_components\hdl\system_c\mp2\mp2\SN74145.h(65,1): warning C4805: '&': unsafe mix of type 'int' and type 'sc_core::sc_in<bool>::data_type' in operation
C:\Users\Brandon\Documents\CpE_5220_Digital_Systems_Modeling\mp_2_combinational_circuits_Datapath_components\hdl\system_c\mp2\mp2\SN74145.h(65,1): warning C4805: '&': unsafe mix of type 'sc_core::sc_in<bool>::data_type' and type 'int' in operation
C:\Users\Brandon\Documents\CpE_5220_Digital_Systems_Modeling\mp_2_combinational_circuits_Datapath_components\hdl\system_c\mp2\mp2\SN74145.h(66,1): warning C4804: '~': unsafe use of type 'bool' in operation
C:\Users\Brandon\Documents\CpE_5220_Digital_Systems_Modeling\mp_2_combinational_circuits_Datapath_components\hdl\system_c\mp2\mp2\SN74145.h(66,1): warning C4805: '&': unsafe mix of type 'int' and type 'sc_core::sc_in<bool>::data_type' in operation
C:\Users\Brandon\Documents\CpE_5220_Digital_Systems_Modeling\mp_2_combinational_circuits_Datapath_components\hdl\system_c\mp2\mp2\SN74145.h(66,1): warning C4805: '&': unsafe mix of type 'sc_core::sc_in<bool>::data_type' and type 'int' in operation
C:\Users\Brandon\Documents\CpE_5220_Digital_Systems_Modeling\mp_2_combinational_circuits_Datapath_components\hdl\system_c\mp2\mp2\SN74145.h(67,1): warning C4804: '~': unsafe use of type 'bool' in operation
C:\Users\Brandon\Documents\CpE_5220_Digital_Systems_Modeling\mp_2_combinational_circuits_Datapath_components\hdl\system_c\mp2\mp2\SN74145.h(67,1): warning C4805: '&': unsafe mix of type 'int' and type 'sc_core::sc_in<bool>::data_type' in operation
C:\Users\Brandon\Documents\CpE_5220_Digital_Systems_Modeling\mp_2_combinational_circuits_Datapath_components\hdl\system_c\mp2\mp2\SN74145.h(67,1): warning C4805: '&': unsafe mix of type 'sc_core::sc_in<bool>::data_type' and type 'int' in operation
C:\Users\Brandon\Documents\CpE_5220_Digital_Systems_Modeling\mp_2_combinational_circuits_Datapath_components\hdl\system_c\mp2\mp2\SN74145.h(68,1): warning C4804: '~': unsafe use of type 'bool' in operation
C:\Users\Brandon\Documents\CpE_5220_Digital_Systems_Modeling\mp_2_combinational_circuits_Datapath_components\hdl\system_c\mp2\mp2\SN74145.h(68,1): warning C4805: '&': unsafe mix of type 'int' and type 'sc_core::sc_in<bool>::data_type' in operation
C:\Users\Brandon\Documents\CpE_5220_Digital_Systems_Modeling\mp_2_combinational_circuits_Datapath_components\hdl\system_c\mp2\mp2\SN74145.h(68,1): warning C4805: '&': unsafe mix of type 'sc_core::sc_in<bool>::data_type' and type 'int' in operation
C:\Users\Brandon\Documents\CpE_5220_Digital_Systems_Modeling\mp_2_combinational_circuits_Datapath_components\hdl\system_c\mp2\mp2\SN74145.h(69,1): warning C4804: '~': unsafe use of type 'bool' in operation
C:\Users\Brandon\Documents\CpE_5220_Digital_Systems_Modeling\mp_2_combinational_circuits_Datapath_components\hdl\system_c\mp2\mp2\SN74145.h(69,1): warning C4805: '&': unsafe mix of type 'int' and type 'sc_core::sc_in<bool>::data_type' in operation
C:\Users\Brandon\Documents\CpE_5220_Digital_Systems_Modeling\mp_2_combinational_circuits_Datapath_components\hdl\system_c\mp2\mp2\SN74145.h(69,1): warning C4805: '&': unsafe mix of type 'sc_core::sc_in<bool>::data_type' and type 'int' in operation
C:\Users\Brandon\Documents\CpE_5220_Digital_Systems_Modeling\mp_2_combinational_circuits_Datapath_components\hdl\system_c\mp2\mp2\SN74145.h(70,1): warning C4804: '~': unsafe use of type 'bool' in operation
C:\Users\Brandon\Documents\CpE_5220_Digital_Systems_Modeling\mp_2_combinational_circuits_Datapath_components\hdl\system_c\mp2\mp2\SN74145.h(70,1): warning C4805: '&': unsafe mix of type 'int' and type 'sc_core::sc_in<bool>::data_type' in operation
C:\Users\Brandon\Documents\CpE_5220_Digital_Systems_Modeling\mp_2_combinational_circuits_Datapath_components\hdl\system_c\mp2\mp2\SN74145.h(70,1): warning C4805: '&': unsafe mix of type 'sc_core::sc_in<bool>::data_type' and type 'int' in operation
C:\Users\Brandon\Documents\CpE_5220_Digital_Systems_Modeling\mp_2_combinational_circuits_Datapath_components\hdl\system_c\mp2\mp2\SN74145.h(71,1): warning C4804: '~': unsafe use of type 'bool' in operation
C:\Users\Brandon\Documents\CpE_5220_Digital_Systems_Modeling\mp_2_combinational_circuits_Datapath_components\hdl\system_c\mp2\mp2\SN74145.h(71,1): warning C4805: '&': unsafe mix of type 'sc_core::sc_in<bool>::data_type' and type 'int' in operation
C:\Users\Brandon\Documents\CpE_5220_Digital_Systems_Modeling\mp_2_combinational_circuits_Datapath_components\hdl\system_c\mp2\mp2\SN74145.h(72,1): warning C4804: '~': unsafe use of type 'bool' in operation
C:\Users\Brandon\Documents\CpE_5220_Digital_Systems_Modeling\mp_2_combinational_circuits_Datapath_components\hdl\system_c\mp2\mp2\SN74145.h(72,1): warning C4805: '&': unsafe mix of type 'sc_core::sc_in<bool>::data_type' and type 'int' in operation
C:\Users\Brandon\Documents\CpE_5220_Digital_Systems_Modeling\mp_2_combinational_circuits_Datapath_components\hdl\system_c\mp2\mp2\SN74145.h(72,1): warning C4805: '&': unsafe mix of type 'int' and type 'sc_core::sc_in<bool>::data_type' in operation
  mp2.vcxproj -> C:\Users\Brandon\Documents\CpE_5220_Digital_Systems_Modeling\mp_2_combinational_circuits_Datapath_components\hdl\system_c\mp2\Debug\mp2.exe
